<?xml version="1.0" encoding="UTF-8"?>
<!-- Generated by org.testng.reporters.JUnitXMLReporter -->
<testsuite ignored="0" hostname="DESKTOP-SBQCLAR" failures="0" tests="2" name="Test" time="0.024" errors="0" timestamp="12 Mar 2020 10:53:29 GMT">
  <testcase classname="com.fb.testcases.LoginPageTestcases" name="@BeforeSuite setup" time="57.688">
    <failure type="java.lang.NoClassDefFoundError" message="com/fb/pages/LoginPage">
      <![CDATA[java.lang.NoClassDefFoundError: com/fb/pages/LoginPage
at com.fb.testcases.LoginPageTestcases.setup(LoginPageTestcases.java:19)
Caused by: java.lang.ClassNotFoundException: com.fb.pages.LoginPage
at java.base/jdk.internal.loader.BuiltinClassLoader.loadClass(BuiltinClassLoader.java:602)
at java.base/jdk.internal.loader.ClassLoaders$AppClassLoader.loadClass(ClassLoaders.java:178)
at java.base/java.lang.ClassLoader.loadClass(ClassLoader.java:521)
... 25 more
... Removed 24 stack frames]]>
    </failure>
  </testcase> <!-- @BeforeSuite setup -->
  <testcase classname="com.fb.testcases.LoginPageTestcases" name="VerifyTitleTest" time="0.0">
    <skipped/>
  </testcase> <!-- VerifyTitleTest -->
  <testcase classname="com.fb.testcases.LoginPageTestcases" name="verifyLogintest" time="0.0">
    <skipped/>
  </testcase> <!-- verifyLogintest -->
</testsuite> <!-- Test -->
